This file contains any messages produced by compilers while
running configure, to aid debugging if configure makes a mistake.

It was created by MP4v2 configure 2.0.0, which was
generated by GNU Autoconf 2.65.  Invocation command line was

  $ ./configure --prefix=/home/changer/mp4v2-2.0.0/_install --host=arm-linux-gnueabihf --build=i686-linux-gnu --disable-option-checking --disable-debug --enable-optimize --disable-fvsibility --disable-gch --disable-largefile --enable-util --disable-cygwin-win32 --disable-mingw-threads --disable-dependency-tracking --enable-shared=yes --enable-static=no --enable-fast-instll=yes --disable-libtool-lock --with-gnu-ld

## --------- ##
## Platform. ##
## --------- ##

hostname = ubuntu
uname -m = x86_64
uname -r = 3.2.0-23-generic
uname -s = Linux
uname -v = #36-Ubuntu SMP Tue Apr 10 20:39:51 UTC 2012

/usr/bin/uname -p = unknown
/bin/uname -X     = unknown

/bin/arch              = unknown
/usr/bin/arch -k       = unknown
/usr/convex/getsysinfo = unknown
/usr/bin/hostinfo      = unknown
/bin/machine           = unknown
/usr/bin/oslevel       = unknown
/bin/universe          = unknown

PATH: /home/changer/gcc-linaro-arm-linux-gnueabihf-4.7-2013.03-20130313_linux/bin
PATH: /usr/lib/lightdm/lightdm
PATH: /usr/local/sbin
PATH: /usr/local/bin
PATH: /usr/sbin
PATH: /usr/bin
PATH: /sbin
PATH: /bin
PATH: /usr/games


## ----------- ##
## Core tests. ##
## ----------- ##

configure:2412:
  -->
  --> Configuring MP4v2 2.0.0
  -->
configure:2457: checking for a BSD-compatible install
configure:2525: result: /usr/bin/install -c
configure:2536: checking whether build environment is sane
configure:2586: result: yes
configure:2635: checking for arm-linux-gnueabihf-strip
configure:2651: found /home/changer/gcc-linaro-arm-linux-gnueabihf-4.7-2013.03-20130313_linux/bin/arm-linux-gnueabihf-strip
configure:2662: result: arm-linux-gnueabihf-strip
configure:2727: checking for a thread-safe mkdir -p
configure:2766: result: /bin/mkdir -p
configure:2779: checking for gawk
configure:2795: found /usr/bin/gawk
configure:2806: result: gawk
configure:2817: checking whether make sets $(MAKE)
configure:2839: result: yes
configure:2931: checking build system type
configure:2945: result: i686-pc-linux-gnu
configure:2965: checking host system type
configure:2978: result: arm-unknown-linux-gnueabihf
configure:3076: checking for arm-linux-gnueabihf-g++
configure:3092: found /home/changer/gcc-linaro-arm-linux-gnueabihf-4.7-2013.03-20130313_linux/bin/arm-linux-gnueabihf-g++
configure:3103: result: arm-linux-gnueabihf-g++
configure:3174: checking for C++ compiler version
configure:3183: arm-linux-gnueabihf-g++ --version >&5
arm-linux-gnueabihf-g++ (crosstool-NG linaro-1.13.1-4.7-2013.03-20130313 - Linaro GCC 2013.03) 4.7.3 20130226 (prerelease)
Copyright (C) 2012 Free Software Foundation, Inc.
This is free software; see the source for copying conditions.  There is NO
warranty; not even for MERCHANTABILITY or FITNESS FOR A PARTICULAR PURPOSE.

configure:3194: $? = 0
configure:3183: arm-linux-gnueabihf-g++ -v >&5
Using built-in specs.
COLLECT_GCC=arm-linux-gnueabihf-g++
COLLECT_LTO_WRAPPER=/home/changer/gcc-linaro-arm-linux-gnueabihf-4.7-2013.03-20130313_linux/bin/../libexec/gcc/arm-linux-gnueabihf/4.7.3/lto-wrapper
Target: arm-linux-gnueabihf
Configured with: /cbuild/slaves/oorts/crosstool-ng/builds/arm-linux-gnueabihf-linux/.build/src/gcc-linaro-4.7-2013.03/configure --build=i686-build_pc-linux-gnu --host=i686-build_pc-linux-gnu --target=arm-linux-gnueabihf --prefix=/cbuild/slaves/oorts/crosstool-ng/builds/arm-linux-gnueabihf-linux/install --with-sysroot=/cbuild/slaves/oorts/crosstool-ng/builds/arm-linux-gnueabihf-linux/install/arm-linux-gnueabihf/libc --enable-languages=c,c++,fortran --enable-multilib --with-arch=armv7-a --with-tune=cortex-a9 --with-fpu=vfpv3-d16 --with-float=hard --with-pkgversion='crosstool-NG linaro-1.13.1-4.7-2013.03-20130313 - Linaro GCC 2013.03' --with-bugurl=https://bugs.launchpad.net/gcc-linaro --enable-__cxa_atexit --enable-libmudflap --enable-libgomp --enable-libssp --with-gmp=/cbuild/slaves/oorts/crosstool-ng/builds/arm-linux-gnueabihf-linux/.build/arm-linux-gnueabihf/build/static --with-mpfr=/cbuild/slaves/oorts/crosstool-ng/builds/arm-linux-gnueabihf-linux/.build/arm-linux-gnueabihf/build/static --with-mpc=/cbuild/slaves/oorts/crosstool-ng/builds/arm-linux-gnueabihf-linux/.build/arm-linux-gnueabihf/build/static --with-ppl=/cbuild/slaves/oorts/crosstool-ng/builds/arm-linux-gnueabihf-linux/.build/arm-linux-gnueabihf/build/static --with-cloog=/cbuild/slaves/oorts/crosstool-ng/builds/arm-linux-gnueabihf-linux/.build/arm-linux-gnueabihf/build/static --with-libelf=/cbuild/slaves/oorts/crosstool-ng/builds/arm-linux-gnueabihf-linux/.build/arm-linux-gnueabihf/build/static --with-host-libstdcxx='-L/cbuild/slaves/oorts/crosstool-ng/builds/arm-linux-gnueabihf-linux/.build/arm-linux-gnueabihf/build/static/lib -lpwl' --enable-threads=posix --disable-libstdcxx-pch --enable-linker-build-id --enable-gold --with-local-prefix=/cbuild/slaves/oorts/crosstool-ng/builds/arm-linux-gnueabihf-linux/install/arm-linux-gnueabihf/libc --enable-c99 --enable-long-long --with-mode=thumb
Thread model: posix
gcc version 4.7.3 20130226 (prerelease) (crosstool-NG linaro-1.13.1-4.7-2013.03-20130313 - Linaro GCC 2013.03) 
configure:3194: $? = 0
configure:3183: arm-linux-gnueabihf-g++ -V >&5
arm-linux-gnueabihf-g++: error: unrecognized command line option '-V'
arm-linux-gnueabihf-g++: fatal error: no input files
compilation terminated.
configure:3194: $? = 1
configure:3183: arm-linux-gnueabihf-g++ -qversion >&5
arm-linux-gnueabihf-g++: error: unrecognized command line option '-qversion'
arm-linux-gnueabihf-g++: fatal error: no input files
compilation terminated.
configure:3194: $? = 1
configure:3214: checking whether the C++ compiler works
configure:3236: arm-linux-gnueabihf-g++    conftest.cpp  >&5
configure:3240: $? = 0
configure:3289: result: yes
configure:3292: checking for C++ compiler default output file name
configure:3294: result: a.out
configure:3300: checking for suffix of executables
configure:3307: arm-linux-gnueabihf-g++ -o conftest    conftest.cpp  >&5
configure:3311: $? = 0
configure:3333: result: 
configure:3355: checking whether we are cross compiling
configure:3393: result: yes
configure:3398: checking for suffix of object files
configure:3420: arm-linux-gnueabihf-g++ -c   conftest.cpp >&5
configure:3424: $? = 0
configure:3445: result: o
configure:3449: checking whether we are using the GNU C++ compiler
configure:3468: arm-linux-gnueabihf-g++ -c   conftest.cpp >&5
configure:3468: $? = 0
configure:3477: result: yes
configure:3486: checking whether arm-linux-gnueabihf-g++ accepts -g
configure:3506: arm-linux-gnueabihf-g++ -c -g  conftest.cpp >&5
configure:3506: $? = 0
configure:3547: result: yes
configure:3581: checking for style of include used by make
configure:3609: result: GNU
configure:3634: checking dependency style of arm-linux-gnueabihf-g++
configure:3744: result: none
configure:3792: checking for arm-linux-gnueabihf-gcc
configure:3808: found /home/changer/gcc-linaro-arm-linux-gnueabihf-4.7-2013.03-20130313_linux/bin/arm-linux-gnueabihf-gcc
configure:3819: result: arm-linux-gnueabihf-gcc
configure:4088: checking for C compiler version
configure:4097: arm-linux-gnueabihf-gcc --version >&5
arm-linux-gnueabihf-gcc (crosstool-NG linaro-1.13.1-4.7-2013.03-20130313 - Linaro GCC 2013.03) 4.7.3 20130226 (prerelease)
Copyright (C) 2012 Free Software Foundation, Inc.
This is free software; see the source for copying conditions.  There is NO
warranty; not even for MERCHANTABILITY or FITNESS FOR A PARTICULAR PURPOSE.

configure:4108: $? = 0
configure:4097: arm-linux-gnueabihf-gcc -v >&5
Using built-in specs.
COLLECT_GCC=arm-linux-gnueabihf-gcc
COLLECT_LTO_WRAPPER=/home/changer/gcc-linaro-arm-linux-gnueabihf-4.7-2013.03-20130313_linux/bin/../libexec/gcc/arm-linux-gnueabihf/4.7.3/lto-wrapper
Target: arm-linux-gnueabihf
Configured with: /cbuild/slaves/oorts/crosstool-ng/builds/arm-linux-gnueabihf-linux/.build/src/gcc-linaro-4.7-2013.03/configure --build=i686-build_pc-linux-gnu --host=i686-build_pc-linux-gnu --target=arm-linux-gnueabihf --prefix=/cbuild/slaves/oorts/crosstool-ng/builds/arm-linux-gnueabihf-linux/install --with-sysroot=/cbuild/slaves/oorts/crosstool-ng/builds/arm-linux-gnueabihf-linux/install/arm-linux-gnueabihf/libc --enable-languages=c,c++,fortran --enable-multilib --with-arch=armv7-a --with-tune=cortex-a9 --with-fpu=vfpv3-d16 --with-float=hard --with-pkgversion='crosstool-NG linaro-1.13.1-4.7-2013.03-20130313 - Linaro GCC 2013.03' --with-bugurl=https://bugs.launchpad.net/gcc-linaro --enable-__cxa_atexit --enable-libmudflap --enable-libgomp --enable-libssp --with-gmp=/cbuild/slaves/oorts/crosstool-ng/builds/arm-linux-gnueabihf-linux/.build/arm-linux-gnueabihf/build/static --with-mpfr=/cbuild/slaves/oorts/crosstool-ng/builds/arm-linux-gnueabihf-linux/.build/arm-linux-gnueabihf/build/static --with-mpc=/cbuild/slaves/oorts/crosstool-ng/builds/arm-linux-gnueabihf-linux/.build/arm-linux-gnueabihf/build/static --with-ppl=/cbuild/slaves/oorts/crosstool-ng/builds/arm-linux-gnueabihf-linux/.build/arm-linux-gnueabihf/build/static --with-cloog=/cbuild/slaves/oorts/crosstool-ng/builds/arm-linux-gnueabihf-linux/.build/arm-linux-gnueabihf/build/static --with-libelf=/cbuild/slaves/oorts/crosstool-ng/builds/arm-linux-gnueabihf-linux/.build/arm-linux-gnueabihf/build/static --with-host-libstdcxx='-L/cbuild/slaves/oorts/crosstool-ng/builds/arm-linux-gnueabihf-linux/.build/arm-linux-gnueabihf/build/static/lib -lpwl' --enable-threads=posix --disable-libstdcxx-pch --enable-linker-build-id --enable-gold --with-local-prefix=/cbuild/slaves/oorts/crosstool-ng/builds/arm-linux-gnueabihf-linux/install/arm-linux-gnueabihf/libc --enable-c99 --enable-long-long --with-mode=thumb
Thread model: posix
gcc version 4.7.3 20130226 (prerelease) (crosstool-NG linaro-1.13.1-4.7-2013.03-20130313 - Linaro GCC 2013.03) 
configure:4108: $? = 0
configure:4097: arm-linux-gnueabihf-gcc -V >&5
arm-linux-gnueabihf-gcc: error: unrecognized command line option '-V'
arm-linux-gnueabihf-gcc: fatal error: no input files
compilation terminated.
configure:4108: $? = 1
configure:4097: arm-linux-gnueabihf-gcc -qversion >&5
arm-linux-gnueabihf-gcc: error: unrecognized command line option '-qversion'
arm-linux-gnueabihf-gcc: fatal error: no input files
compilation terminated.
configure:4108: $? = 1
configure:4112: checking whether we are using the GNU C compiler
configure:4131: arm-linux-gnueabihf-gcc -c   conftest.c >&5
configure:4131: $? = 0
configure:4140: result: yes
configure:4149: checking whether arm-linux-gnueabihf-gcc accepts -g
configure:4169: arm-linux-gnueabihf-gcc -c -g  conftest.c >&5
configure:4169: $? = 0
configure:4210: result: yes
configure:4227: checking for arm-linux-gnueabihf-gcc option to accept ISO C89
configure:4291: arm-linux-gnueabihf-gcc  -c -g -O2  conftest.c >&5
configure:4291: $? = 0
configure:4304: result: none needed
configure:4326: checking dependency style of arm-linux-gnueabihf-gcc
configure:4436: result: none
configure:4451: checking for a sed that does not truncate output
configure:4515: result: /bin/sed
configure:4533: checking for grep that handles long lines and -e
configure:4591: result: /bin/grep
configure:4596: checking for egrep
configure:4658: result: /bin/grep -E
configure:4663: checking for fgrep
configure:4725: result: /bin/grep -F
configure:4760: checking for ld used by arm-linux-gnueabihf-gcc
configure:4827: result: /home/changer/gcc-linaro-arm-linux-gnueabihf-4.7-2013.03-20130313_linux/arm-linux-gnueabihf/bin/ld
configure:4834: checking if the linker (/home/changer/gcc-linaro-arm-linux-gnueabihf-4.7-2013.03-20130313_linux/arm-linux-gnueabihf/bin/ld) is GNU ld
configure:4849: result: yes
configure:4861: checking for BSD- or MS-compatible name lister (nm)
configure:4910: result: /home/changer/gcc-linaro-arm-linux-gnueabihf-4.7-2013.03-20130313_linux/bin/arm-linux-gnueabihf-nm -B
configure:5028: checking the name lister (/home/changer/gcc-linaro-arm-linux-gnueabihf-4.7-2013.03-20130313_linux/bin/arm-linux-gnueabihf-nm -B) interface
configure:5035: arm-linux-gnueabihf-gcc -c -g -O2  conftest.c >&5
configure:5038: /home/changer/gcc-linaro-arm-linux-gnueabihf-4.7-2013.03-20130313_linux/bin/arm-linux-gnueabihf-nm -B "conftest.o"
configure:5041: output
00000000 B some_variable
configure:5048: result: BSD nm
configure:5051: checking whether ln -s works
configure:5055: result: yes
configure:5063: checking the maximum length of command line arguments
configure:5183: result: 1572864
configure:5200: checking whether the shell understands some XSI constructs
configure:5210: result: yes
configure:5214: checking whether the shell understands "+="
configure:5220: result: yes
configure:5255: checking for /home/changer/gcc-linaro-arm-linux-gnueabihf-4.7-2013.03-20130313_linux/arm-linux-gnueabihf/bin/ld option to reload object files
configure:5262: result: -r
configure:5291: checking for arm-linux-gnueabihf-objdump
configure:5307: found /home/changer/gcc-linaro-arm-linux-gnueabihf-4.7-2013.03-20130313_linux/bin/arm-linux-gnueabihf-objdump
configure:5318: result: arm-linux-gnueabihf-objdump
configure:5390: checking how to recognize dependent libraries
configure:5586: result: pass_all
configure:5606: checking for arm-linux-gnueabihf-ar
configure:5622: found /home/changer/gcc-linaro-arm-linux-gnueabihf-4.7-2013.03-20130313_linux/bin/arm-linux-gnueabihf-ar
configure:5633: result: arm-linux-gnueabihf-ar
configure:5711: checking for arm-linux-gnueabihf-strip
configure:5738: result: arm-linux-gnueabihf-strip
configure:5810: checking for arm-linux-gnueabihf-ranlib
configure:5826: found /home/changer/gcc-linaro-arm-linux-gnueabihf-4.7-2013.03-20130313_linux/bin/arm-linux-gnueabihf-ranlib
configure:5837: result: arm-linux-gnueabihf-ranlib
configure:5967: checking command to parse /home/changer/gcc-linaro-arm-linux-gnueabihf-4.7-2013.03-20130313_linux/bin/arm-linux-gnueabihf-nm -B output from arm-linux-gnueabihf-gcc object
configure:6085: arm-linux-gnueabihf-gcc -c -g -O2  conftest.c >&5
configure:6088: $? = 0
configure:6092: /home/changer/gcc-linaro-arm-linux-gnueabihf-4.7-2013.03-20130313_linux/bin/arm-linux-gnueabihf-nm -B conftest.o \| sed -n -e 's/^.*[	 ]\([ABCDGIRSTW][ABCDGIRSTW]*\)[	 ][	 ]*\([_A-Za-z][_A-Za-z0-9]*\)$/\1 \2 \2/p' \> conftest.nm
configure:6095: $? = 0
configure:6149: arm-linux-gnueabihf-gcc -o conftest -g -O2   conftest.c conftstm.o >&5
configure:6152: $? = 0
configure:6190: result: ok
configure:6999: checking how to run the C preprocessor
configure:7030: arm-linux-gnueabihf-gcc -E  conftest.c
configure:7030: $? = 0
configure:7044: arm-linux-gnueabihf-gcc -E  conftest.c
conftest.c:11:28: fatal error: ac_nonexistent.h: No such file or directory
compilation terminated.
configure:7044: $? = 1
configure: failed program was:
| /* confdefs.h */
| #define PACKAGE_NAME "MP4v2"
| #define PACKAGE_TARNAME "mp4v2"
| #define PACKAGE_VERSION "2.0.0"
| #define PACKAGE_STRING "MP4v2 2.0.0"
| #define PACKAGE_BUGREPORT "kidjan@gmail.com"
| #define PACKAGE_URL ""
| #define PACKAGE "mp4v2"
| #define VERSION "2.0.0"
| /* end confdefs.h.  */
| #include <ac_nonexistent.h>
configure:7069: result: arm-linux-gnueabihf-gcc -E
configure:7089: arm-linux-gnueabihf-gcc -E  conftest.c
configure:7089: $? = 0
configure:7103: arm-linux-gnueabihf-gcc -E  conftest.c
conftest.c:11:28: fatal error: ac_nonexistent.h: No such file or directory
compilation terminated.
configure:7103: $? = 1
configure: failed program was:
| /* confdefs.h */
| #define PACKAGE_NAME "MP4v2"
| #define PACKAGE_TARNAME "mp4v2"
| #define PACKAGE_VERSION "2.0.0"
| #define PACKAGE_STRING "MP4v2 2.0.0"
| #define PACKAGE_BUGREPORT "kidjan@gmail.com"
| #define PACKAGE_URL ""
| #define PACKAGE "mp4v2"
| #define VERSION "2.0.0"
| /* end confdefs.h.  */
| #include <ac_nonexistent.h>
configure:7132: checking for ANSI C header files
configure:7152: arm-linux-gnueabihf-gcc -c -g -O2  conftest.c >&5
configure:7152: $? = 0
configure:7236: result: yes
configure:7249: checking for sys/types.h
configure:7249: arm-linux-gnueabihf-gcc -c -g -O2  conftest.c >&5
configure:7249: $? = 0
configure:7249: result: yes
configure:7249: checking for sys/stat.h
configure:7249: arm-linux-gnueabihf-gcc -c -g -O2  conftest.c >&5
configure:7249: $? = 0
configure:7249: result: yes
configure:7249: checking for stdlib.h
configure:7249: arm-linux-gnueabihf-gcc -c -g -O2  conftest.c >&5
configure:7249: $? = 0
configure:7249: result: yes
configure:7249: checking for string.h
configure:7249: arm-linux-gnueabihf-gcc -c -g -O2  conftest.c >&5
configure:7249: $? = 0
configure:7249: result: yes
configure:7249: checking for memory.h
configure:7249: arm-linux-gnueabihf-gcc -c -g -O2  conftest.c >&5
configure:7249: $? = 0
configure:7249: result: yes
configure:7249: checking for strings.h
configure:7249: arm-linux-gnueabihf-gcc -c -g -O2  conftest.c >&5
configure:7249: $? = 0
configure:7249: result: yes
configure:7249: checking for inttypes.h
configure:7249: arm-linux-gnueabihf-gcc -c -g -O2  conftest.c >&5
configure:7249: $? = 0
configure:7249: result: yes
configure:7249: checking for stdint.h
configure:7249: arm-linux-gnueabihf-gcc -c -g -O2  conftest.c >&5
configure:7249: $? = 0
configure:7249: result: yes
configure:7249: checking for unistd.h
configure:7249: arm-linux-gnueabihf-gcc -c -g -O2  conftest.c >&5
configure:7249: $? = 0
configure:7249: result: yes
configure:7264: checking for dlfcn.h
configure:7264: arm-linux-gnueabihf-gcc -c -g -O2  conftest.c >&5
configure:7264: $? = 0
configure:7264: result: yes
configure:7389: checking for C++ compiler version
configure:7398: arm-linux-gnueabihf-g++ --version >&5
arm-linux-gnueabihf-g++ (crosstool-NG linaro-1.13.1-4.7-2013.03-20130313 - Linaro GCC 2013.03) 4.7.3 20130226 (prerelease)
Copyright (C) 2012 Free Software Foundation, Inc.
This is free software; see the source for copying conditions.  There is NO
warranty; not even for MERCHANTABILITY or FITNESS FOR A PARTICULAR PURPOSE.

configure:7409: $? = 0
configure:7398: arm-linux-gnueabihf-g++ -v >&5
Using built-in specs.
COLLECT_GCC=arm-linux-gnueabihf-g++
COLLECT_LTO_WRAPPER=/home/changer/gcc-linaro-arm-linux-gnueabihf-4.7-2013.03-20130313_linux/bin/../libexec/gcc/arm-linux-gnueabihf/4.7.3/lto-wrapper
Target: arm-linux-gnueabihf
Configured with: /cbuild/slaves/oorts/crosstool-ng/builds/arm-linux-gnueabihf-linux/.build/src/gcc-linaro-4.7-2013.03/configure --build=i686-build_pc-linux-gnu --host=i686-build_pc-linux-gnu --target=arm-linux-gnueabihf --prefix=/cbuild/slaves/oorts/crosstool-ng/builds/arm-linux-gnueabihf-linux/install --with-sysroot=/cbuild/slaves/oorts/crosstool-ng/builds/arm-linux-gnueabihf-linux/install/arm-linux-gnueabihf/libc --enable-languages=c,c++,fortran --enable-multilib --with-arch=armv7-a --with-tune=cortex-a9 --with-fpu=vfpv3-d16 --with-float=hard --with-pkgversion='crosstool-NG linaro-1.13.1-4.7-2013.03-20130313 - Linaro GCC 2013.03' --with-bugurl=https://bugs.launchpad.net/gcc-linaro --enable-__cxa_atexit --enable-libmudflap --enable-libgomp --enable-libssp --with-gmp=/cbuild/slaves/oorts/crosstool-ng/builds/arm-linux-gnueabihf-linux/.build/arm-linux-gnueabihf/build/static --with-mpfr=/cbuild/slaves/oorts/crosstool-ng/builds/arm-linux-gnueabihf-linux/.build/arm-linux-gnueabihf/build/static --with-mpc=/cbuild/slaves/oorts/crosstool-ng/builds/arm-linux-gnueabihf-linux/.build/arm-linux-gnueabihf/build/static --with-ppl=/cbuild/slaves/oorts/crosstool-ng/builds/arm-linux-gnueabihf-linux/.build/arm-linux-gnueabihf/build/static --with-cloog=/cbuild/slaves/oorts/crosstool-ng/builds/arm-linux-gnueabihf-linux/.build/arm-linux-gnueabihf/build/static --with-libelf=/cbuild/slaves/oorts/crosstool-ng/builds/arm-linux-gnueabihf-linux/.build/arm-linux-gnueabihf/build/static --with-host-libstdcxx='-L/cbuild/slaves/oorts/crosstool-ng/builds/arm-linux-gnueabihf-linux/.build/arm-linux-gnueabihf/build/static/lib -lpwl' --enable-threads=posix --disable-libstdcxx-pch --enable-linker-build-id --enable-gold --with-local-prefix=/cbuild/slaves/oorts/crosstool-ng/builds/arm-linux-gnueabihf-linux/install/arm-linux-gnueabihf/libc --enable-c99 --enable-long-long --with-mode=thumb
Thread model: posix
gcc version 4.7.3 20130226 (prerelease) (crosstool-NG linaro-1.13.1-4.7-2013.03-20130313 - Linaro GCC 2013.03) 
configure:7409: $? = 0
configure:7398: arm-linux-gnueabihf-g++ -V >&5
arm-linux-gnueabihf-g++: error: unrecognized command line option '-V'
arm-linux-gnueabihf-g++: fatal error: no input files
compilation terminated.
configure:7409: $? = 1
configure:7398: arm-linux-gnueabihf-g++ -qversion >&5
arm-linux-gnueabihf-g++: error: unrecognized command line option '-qversion'
arm-linux-gnueabihf-g++: fatal error: no input files
compilation terminated.
configure:7409: $? = 1
configure:7413: checking whether we are using the GNU C++ compiler
configure:7441: result: yes
configure:7450: checking whether arm-linux-gnueabihf-g++ accepts -g
configure:7511: result: yes
configure:7536: checking dependency style of arm-linux-gnueabihf-g++
configure:7646: result: none
configure:7669: checking how to run the C++ preprocessor
configure:7696: arm-linux-gnueabihf-g++ -E  conftest.cpp
configure:7696: $? = 0
configure:7710: arm-linux-gnueabihf-g++ -E  conftest.cpp
conftest.cpp:22:28: fatal error: ac_nonexistent.h: No such file or directory
compilation terminated.
configure:7710: $? = 1
configure: failed program was:
| /* confdefs.h */
| #define PACKAGE_NAME "MP4v2"
| #define PACKAGE_TARNAME "mp4v2"
| #define PACKAGE_VERSION "2.0.0"
| #define PACKAGE_STRING "MP4v2 2.0.0"
| #define PACKAGE_BUGREPORT "kidjan@gmail.com"
| #define PACKAGE_URL ""
| #define PACKAGE "mp4v2"
| #define VERSION "2.0.0"
| #define STDC_HEADERS 1
| #define HAVE_SYS_TYPES_H 1
| #define HAVE_SYS_STAT_H 1
| #define HAVE_STDLIB_H 1
| #define HAVE_STRING_H 1
| #define HAVE_MEMORY_H 1
| #define HAVE_STRINGS_H 1
| #define HAVE_INTTYPES_H 1
| #define HAVE_STDINT_H 1
| #define HAVE_UNISTD_H 1
| #define HAVE_DLFCN_H 1
| /* end confdefs.h.  */
| #include <ac_nonexistent.h>
configure:7735: result: arm-linux-gnueabihf-g++ -E
configure:7755: arm-linux-gnueabihf-g++ -E  conftest.cpp
configure:7755: $? = 0
configure:7769: arm-linux-gnueabihf-g++ -E  conftest.cpp
conftest.cpp:22:28: fatal error: ac_nonexistent.h: No such file or directory
compilation terminated.
configure:7769: $? = 1
configure: failed program was:
| /* confdefs.h */
| #define PACKAGE_NAME "MP4v2"
| #define PACKAGE_TARNAME "mp4v2"
| #define PACKAGE_VERSION "2.0.0"
| #define PACKAGE_STRING "MP4v2 2.0.0"
| #define PACKAGE_BUGREPORT "kidjan@gmail.com"
| #define PACKAGE_URL ""
| #define PACKAGE "mp4v2"
| #define VERSION "2.0.0"
| #define STDC_HEADERS 1
| #define HAVE_SYS_TYPES_H 1
| #define HAVE_SYS_STAT_H 1
| #define HAVE_STDLIB_H 1
| #define HAVE_STRING_H 1
| #define HAVE_MEMORY_H 1
| #define HAVE_STRINGS_H 1
| #define HAVE_INTTYPES_H 1
| #define HAVE_STDINT_H 1
| #define HAVE_UNISTD_H 1
| #define HAVE_DLFCN_H 1
| /* end confdefs.h.  */
| #include <ac_nonexistent.h>
configure:7975: checking for objdir
configure:7990: result: .libs
configure:8282: checking if arm-linux-gnueabihf-gcc supports -fno-rtti -fno-exceptions
configure:8300: arm-linux-gnueabihf-gcc -c -g -O2  -fno-rtti -fno-exceptions conftest.c >&5
cc1: warning: command line option '-fno-rtti' is valid for C++/ObjC++ but not for C [enabled by default]
configure:8304: $? = 0
configure:8317: result: no
configure:8337: checking for arm-linux-gnueabihf-gcc option to produce PIC
configure:8609: result: -fPIC -DPIC
configure:8621: checking if arm-linux-gnueabihf-gcc PIC flag -fPIC -DPIC works
configure:8639: arm-linux-gnueabihf-gcc -c -g -O2  -fPIC -DPIC -DPIC conftest.c >&5
configure:8643: $? = 0
configure:8656: result: yes
configure:8680: checking if arm-linux-gnueabihf-gcc static flag -static works
configure:8708: result: yes
configure:8723: checking if arm-linux-gnueabihf-gcc supports -c -o file.o
configure:8744: arm-linux-gnueabihf-gcc -c -g -O2  -o out/conftest2.o conftest.c >&5
configure:8748: $? = 0
configure:8770: result: yes
configure:8778: checking if arm-linux-gnueabihf-gcc supports -c -o file.o
configure:8825: result: yes
configure:8858: checking whether the arm-linux-gnueabihf-gcc linker (/home/changer/gcc-linaro-arm-linux-gnueabihf-4.7-2013.03-20130313_linux/arm-linux-gnueabihf/bin/ld) supports shared libraries
configure:9849: result: yes
configure:9886: checking whether -lc should be explicitly linked in
configure:9891: arm-linux-gnueabihf-gcc -c -g -O2  conftest.c >&5
configure:9894: $? = 0
configure:9909: arm-linux-gnueabihf-gcc -shared conftest.o  -v -Wl,-soname -Wl,conftest -o conftest 2\>\&1 \| /bin/grep  -lc  \>/dev/null 2\>\&1
configure:9912: $? = 0
configure:9924: result: no
configure:10088: checking dynamic linker characteristics
configure:10521: arm-linux-gnueabihf-gcc -o conftest -g -O2   -Wl,-rpath -Wl,/foo conftest.c  >&5
configure:10521: $? = 0
configure:10751: result: GNU/Linux ld.so
configure:10853: checking how to hardcode library paths into programs
configure:10878: result: immediate
configure:11398: checking whether stripping libraries is possible
configure:11403: result: yes
configure:11438: checking if libtool supports shared libraries
configure:11440: result: yes
configure:11443: checking whether to build shared libraries
configure:11464: result: yes
configure:11467: checking whether to build static libraries
configure:11471: result: no
configure:11621: checking for ld used by arm-linux-gnueabihf-g++
configure:11688: result: /home/changer/gcc-linaro-arm-linux-gnueabihf-4.7-2013.03-20130313_linux/arm-linux-gnueabihf/bin/ld
configure:11695: checking if the linker (/home/changer/gcc-linaro-arm-linux-gnueabihf-4.7-2013.03-20130313_linux/arm-linux-gnueabihf/bin/ld) is GNU ld
configure:11710: result: yes
configure:11765: checking whether the arm-linux-gnueabihf-g++ linker (/home/changer/gcc-linaro-arm-linux-gnueabihf-4.7-2013.03-20130313_linux/arm-linux-gnueabihf/bin/ld) supports shared libraries
configure:12678: result: yes
configure:12706: arm-linux-gnueabihf-g++ -c -g -O2  conftest.cpp >&5
configure:12709: $? = 0
configure:12891: checking for arm-linux-gnueabihf-g++ option to produce PIC
configure:13208: result: -fPIC -DPIC
configure:13217: checking if arm-linux-gnueabihf-g++ PIC flag -fPIC -DPIC works
configure:13235: arm-linux-gnueabihf-g++ -c -g -O2  -fPIC -DPIC -DPIC conftest.cpp >&5
configure:13239: $? = 0
configure:13252: result: yes
configure:13273: checking if arm-linux-gnueabihf-g++ static flag -static works
configure:13301: result: yes
configure:13313: checking if arm-linux-gnueabihf-g++ supports -c -o file.o
configure:13334: arm-linux-gnueabihf-g++ -c -g -O2  -o out/conftest2.o conftest.cpp >&5
configure:13338: $? = 0
configure:13360: result: yes
configure:13365: checking if arm-linux-gnueabihf-g++ supports -c -o file.o
configure:13412: result: yes
configure:13442: checking whether the arm-linux-gnueabihf-g++ linker (/home/changer/gcc-linaro-arm-linux-gnueabihf-4.7-2013.03-20130313_linux/arm-linux-gnueabihf/bin/ld) supports shared libraries
configure:13471: result: yes
configure:13608: checking dynamic linker characteristics
configure:13989: arm-linux-gnueabihf-g++ -o conftest -g -O2   -Wl,-rpath -Wl,/foo conftest.cpp  >&5
configure:13989: $? = 0
configure:14219: result: GNU/Linux ld.so
configure:14270: checking how to hardcode library paths into programs
configure:14295: result: immediate
configure:14356: checking for help2man
configure:14384: result: no
configure:14397: checking MP4v2 platform portability
configure:14419: result: posix
configure:14542: checking if arm-linux-gnueabihf-g++ supports -fvisibility
configure:14561: arm-linux-gnueabihf-g++ -c -g -O2 -fvisibility=hidden  conftest.cpp >&5
configure:14561: $? = 0
configure:14573: result: yes
configure:14583: checking if GCC precompiled-headers should be created
configure:14617: result: no
configure:14686: checking arch flags
configure:14721: result: none
configure:14962: creating ./config.status

## ---------------------- ##
## Running config.status. ##
## ---------------------- ##

This file was extended by MP4v2 config.status 2.0.0, which was
generated by GNU Autoconf 2.65.  Invocation command line was

  CONFIG_FILES    = 
  CONFIG_HEADERS  = 
  CONFIG_LINKS    = 
  CONFIG_COMMANDS = 
  $ ./config.status 

on ubuntu

config.status:1169: creating GNUmakefile
config.status:1169: creating include/mp4v2/project.h
config.status:1169: creating project/project.m4
config.status:1169: creating libplatform/config.h
config.status:1389: executing depfiles commands
config.status:1389: executing libtool commands

## ---------------- ##
## Cache variables. ##
## ---------------- ##

ac_cv_build=i686-pc-linux-gnu
ac_cv_c_compiler_gnu=yes
ac_cv_cxx_compiler_gnu=yes
ac_cv_env_CCC_set=
ac_cv_env_CCC_value=
ac_cv_env_CC_set=
ac_cv_env_CC_value=
ac_cv_env_CFLAGS_set=
ac_cv_env_CFLAGS_value=
ac_cv_env_CPPFLAGS_set=
ac_cv_env_CPPFLAGS_value=
ac_cv_env_CPP_set=
ac_cv_env_CPP_value=
ac_cv_env_CXXCPP_set=
ac_cv_env_CXXCPP_value=
ac_cv_env_CXXFLAGS_set=
ac_cv_env_CXXFLAGS_value=
ac_cv_env_CXX_set=
ac_cv_env_CXX_value=
ac_cv_env_LDFLAGS_set=
ac_cv_env_LDFLAGS_value=
ac_cv_env_LIBS_set=
ac_cv_env_LIBS_value=
ac_cv_env_build_alias_set=set
ac_cv_env_build_alias_value=i686-linux-gnu
ac_cv_env_host_alias_set=set
ac_cv_env_host_alias_value=arm-linux-gnueabihf
ac_cv_env_target_alias_set=
ac_cv_env_target_alias_value=
ac_cv_header_dlfcn_h=yes
ac_cv_header_inttypes_h=yes
ac_cv_header_memory_h=yes
ac_cv_header_stdc=yes
ac_cv_header_stdint_h=yes
ac_cv_header_stdlib_h=yes
ac_cv_header_string_h=yes
ac_cv_header_strings_h=yes
ac_cv_header_sys_stat_h=yes
ac_cv_header_sys_types_h=yes
ac_cv_header_unistd_h=yes
ac_cv_host=arm-unknown-linux-gnueabihf
ac_cv_objext=o
ac_cv_path_EGREP='/bin/grep -E'
ac_cv_path_FGREP='/bin/grep -F'
ac_cv_path_GREP=/bin/grep
ac_cv_path_SED=/bin/sed
ac_cv_path_install='/usr/bin/install -c'
ac_cv_path_mkdir=/bin/mkdir
ac_cv_prog_AR=arm-linux-gnueabihf-ar
ac_cv_prog_AWK=gawk
ac_cv_prog_CC=arm-linux-gnueabihf-gcc
ac_cv_prog_CPP='arm-linux-gnueabihf-gcc -E'
ac_cv_prog_CXX=arm-linux-gnueabihf-g++
ac_cv_prog_CXXCPP='arm-linux-gnueabihf-g++ -E'
ac_cv_prog_FOUND_HELP2MAN=no
ac_cv_prog_OBJDUMP=arm-linux-gnueabihf-objdump
ac_cv_prog_RANLIB=arm-linux-gnueabihf-ranlib
ac_cv_prog_STRIP=arm-linux-gnueabihf-strip
ac_cv_prog_cc_c89=
ac_cv_prog_cc_g=yes
ac_cv_prog_cxx_g=yes
ac_cv_prog_make_make_set=yes
am_cv_CC_dependencies_compiler_type=none
am_cv_CXX_dependencies_compiler_type=none
lt_cv_deplibs_check_method=pass_all
lt_cv_file_magic_cmd='$MAGIC_CMD'
lt_cv_file_magic_test_file=
lt_cv_ld_reload_flag=-r
lt_cv_nm_interface='BSD nm'
lt_cv_objdir=.libs
lt_cv_path_LD=/home/changer/gcc-linaro-arm-linux-gnueabihf-4.7-2013.03-20130313_linux/arm-linux-gnueabihf/bin/ld
lt_cv_path_LDCXX=/home/changer/gcc-linaro-arm-linux-gnueabihf-4.7-2013.03-20130313_linux/arm-linux-gnueabihf/bin/ld
lt_cv_path_NM='/home/changer/gcc-linaro-arm-linux-gnueabihf-4.7-2013.03-20130313_linux/bin/arm-linux-gnueabihf-nm -B'
lt_cv_prog_compiler_c_o=yes
lt_cv_prog_compiler_c_o_CXX=yes
lt_cv_prog_compiler_pic_works=yes
lt_cv_prog_compiler_pic_works_CXX=yes
lt_cv_prog_compiler_rtti_exceptions=no
lt_cv_prog_compiler_static_works=yes
lt_cv_prog_compiler_static_works_CXX=yes
lt_cv_prog_gnu_ld=yes
lt_cv_prog_gnu_ldcxx=yes
lt_cv_sys_global_symbol_pipe='sed -n -e '\''s/^.*[	 ]\([ABCDGIRSTW][ABCDGIRSTW]*\)[	 ][	 ]*\([_A-Za-z][_A-Za-z0-9]*\)$/\1 \2 \2/p'\'''
lt_cv_sys_global_symbol_to_c_name_address='sed -n -e '\''s/^: \([^ ]*\) $/  {\"\1\", (void *) 0},/p'\'' -e '\''s/^[ABCDGIRSTW]* \([^ ]*\) \([^ ]*\)$/  {"\2", (void *) \&\2},/p'\'''
lt_cv_sys_global_symbol_to_c_name_address_lib_prefix='sed -n -e '\''s/^: \([^ ]*\) $/  {\"\1\", (void *) 0},/p'\'' -e '\''s/^[ABCDGIRSTW]* \([^ ]*\) \(lib[^ ]*\)$/  {"\2", (void *) \&\2},/p'\'' -e '\''s/^[ABCDGIRSTW]* \([^ ]*\) \([^ ]*\)$/  {"lib\2", (void *) \&\2},/p'\'''
lt_cv_sys_global_symbol_to_cdecl='sed -n -e '\''s/^T .* \(.*\)$/extern int \1();/p'\'' -e '\''s/^[ABCDGIRSTW]* .* \(.*\)$/extern char \1;/p'\'''
lt_cv_sys_max_cmd_len=1572864
x_cv_fvisibility=yes

## ----------------- ##
## Output variables. ##
## ----------------- ##

ACLOCAL='${SHELL} /home/changer/mp4v2-2.0.0/autoaux/missing --run aclocal-1.11'
ADD_MANS_FALSE='#'
ADD_MANS_TRUE=''
ADD_PLATFORM_POSIX_FALSE='#'
ADD_PLATFORM_POSIX_TRUE=''
ADD_PLATFORM_WIN32_FALSE=''
ADD_PLATFORM_WIN32_TRUE='#'
ADD_UTIL_FALSE='#'
ADD_UTIL_TRUE=''
AMDEPBACKSLASH=''
AMDEP_FALSE=''
AMDEP_TRUE='#'
AMTAR='${SHELL} /home/changer/mp4v2-2.0.0/autoaux/missing --run tar'
AR='arm-linux-gnueabihf-ar'
AUTOCONF='${SHELL} /home/changer/mp4v2-2.0.0/autoaux/missing --run autoconf'
AUTOHEADER='${SHELL} /home/changer/mp4v2-2.0.0/autoaux/missing --run autoheader'
AUTOMAKE='${SHELL} /home/changer/mp4v2-2.0.0/autoaux/missing --run automake-1.11'
AWK='gawk'
CC='arm-linux-gnueabihf-gcc'
CCDEPMODE='depmode=none'
CFLAGS='-O2'
CPP='arm-linux-gnueabihf-gcc -E'
CPPFLAGS=''
CXX='arm-linux-gnueabihf-g++'
CXXCPP='arm-linux-gnueabihf-g++ -E'
CXXDEPMODE='depmode=none'
CXXFLAGS='-O2 -fvisibility=hidden'
CYGPATH_W='echo'
DEFS='-DHAVE_CONFIG_H'
DEPDIR='.deps'
DSYMUTIL=''
DUMPBIN=''
ECHO_C=''
ECHO_N='-n'
ECHO_T=''
EGREP='/bin/grep -E'
EXEEXT=''
FGREP='/bin/grep -F'
FOUND_HELP2MAN='no'
GREP='/bin/grep'
INSTALL_DATA='${INSTALL} -m 644'
INSTALL_PROGRAM='${INSTALL}'
INSTALL_SCRIPT='${INSTALL}'
INSTALL_STRIP_PROGRAM='$(install_sh) -c -s'
LD='/home/changer/gcc-linaro-arm-linux-gnueabihf-4.7-2013.03-20130313_linux/arm-linux-gnueabihf/bin/ld'
LDFLAGS=''
LIBOBJS=''
LIBS=''
LIBTOOL='$(SHELL) $(top_builddir)/libtool'
LIPO=''
LN_S='ln -s'
LTLIBOBJS=''
MAKEINFO='${SHELL} /home/changer/mp4v2-2.0.0/autoaux/missing --run makeinfo'
MKDIR_P='/bin/mkdir -p'
NM='/home/changer/gcc-linaro-arm-linux-gnueabihf-4.7-2013.03-20130313_linux/bin/arm-linux-gnueabihf-nm -B'
NMEDIT=''
OBJDUMP='arm-linux-gnueabihf-objdump'
OBJEXT='o'
OTOOL64=''
OTOOL=''
PACKAGE='mp4v2'
PACKAGE_BUGREPORT='kidjan@gmail.com'
PACKAGE_NAME='MP4v2'
PACKAGE_STRING='MP4v2 2.0.0'
PACKAGE_TARNAME='mp4v2'
PACKAGE_URL=''
PACKAGE_VERSION='2.0.0'
PATH_SEPARATOR=':'
PROJECT_bugreport='<kidjan@gmail.com>'
PROJECT_build='Thu Apr 20 09:50:48 CST 2017'
PROJECT_irc='irc://irc.freenode.net/handbrake'
PROJECT_name='MP4v2'
PROJECT_name_formal='MP4v2 2.0.0'
PROJECT_name_lower='mp4v2'
PROJECT_name_upper='MP4V2'
PROJECT_repo_branch='2.0.0'
PROJECT_repo_date='2012-05-20 15:16:54 -0700 (Sun, 20 May 2012)'
PROJECT_repo_rev='493'
PROJECT_repo_root='https://mp4v2.googlecode.com/svn'
PROJECT_repo_type='stable'
PROJECT_repo_url='https://mp4v2.googlecode.com/svn/releases/2.0.0'
PROJECT_repo_uuid='6e6572fa-98a6-11dd-ad9f-f77439c74b79'
PROJECT_url_discussion='http://groups.google.com/group/mp4v2'
PROJECT_url_downloads='http://code.google.com/p/mp4v2/downloads/list'
PROJECT_url_website='http://code.google.com/p/mp4v2'
PROJECT_version='2.0.0'
PROJECT_version_hex='0x00020000'
PROJECT_version_major='2'
PROJECT_version_minor='0'
PROJECT_version_point='0'
RANLIB='arm-linux-gnueabihf-ranlib'
SED='/bin/sed'
SET_MAKE=''
SHELL='/bin/sh'
STRIP='arm-linux-gnueabihf-strip'
VERSION='2.0.0'
X_CXX_ARCH=''
X_CXX_D=''
X_CXX_I=''
X_CXX_W=''
X_GCH='0'
X_GCH_FLAGS=''
X_GCH_SHARED='0'
X_GCH_SHARED_FLAGS=' -fPIC -DPIC'
X_GCH_STATIC='0'
X_GCH_STATIC_FLAGS='-static'
X_MINGW_LIBS=''
X_libmp4v2_la_LDFLAGS=''
ac_ct_CC=''
ac_ct_CXX=''
ac_ct_DUMPBIN=''
am__EXEEXT_FALSE=''
am__EXEEXT_TRUE='#'
am__fastdepCC_FALSE=''
am__fastdepCC_TRUE='#'
am__fastdepCXX_FALSE=''
am__fastdepCXX_TRUE='#'
am__include='include'
am__isrc=''
am__leading_dot='.'
am__quote=''
am__tar='${AMTAR} chof - "$$tardir"'
am__untar='${AMTAR} xf -'
bindir='${exec_prefix}/bin'
build='i686-pc-linux-gnu'
build_alias='i686-linux-gnu'
build_cpu='i686'
build_os='linux-gnu'
build_vendor='pc'
datadir='${datarootdir}'
datarootdir='${prefix}/share'
docdir='${datarootdir}/doc/${PACKAGE_TARNAME}'
dvidir='${docdir}'
exec_prefix='${prefix}'
host='arm-unknown-linux-gnueabihf'
host_alias='arm-linux-gnueabihf'
host_cpu='arm'
host_os='linux-gnueabihf'
host_vendor='unknown'
htmldir='${docdir}'
includedir='${prefix}/include'
infodir='${datarootdir}/info'
install_sh='${SHELL} /home/changer/mp4v2-2.0.0/autoaux/install-sh'
libdir='${exec_prefix}/lib'
libexecdir='${exec_prefix}/libexec'
localedir='${datarootdir}/locale'
localstatedir='${prefix}/var'
lt_ECHO='echo'
mandir='${datarootdir}/man'
mkdir_p='/bin/mkdir -p'
oldincludedir='/usr/include'
pdfdir='${docdir}'
prefix='/home/changer/mp4v2-2.0.0/_install'
program_transform_name='s,x,x,'
psdir='${docdir}'
sbindir='${exec_prefix}/sbin'
sharedstatedir='${prefix}/com'
sysconfdir='${prefix}/etc'
target_alias=''

## ----------- ##
## confdefs.h. ##
## ----------- ##

/* confdefs.h */
#define PACKAGE_NAME "MP4v2"
#define PACKAGE_TARNAME "mp4v2"
#define PACKAGE_VERSION "2.0.0"
#define PACKAGE_STRING "MP4v2 2.0.0"
#define PACKAGE_BUGREPORT "kidjan@gmail.com"
#define PACKAGE_URL ""
#define PACKAGE "mp4v2"
#define VERSION "2.0.0"
#define STDC_HEADERS 1
#define HAVE_SYS_TYPES_H 1
#define HAVE_SYS_STAT_H 1
#define HAVE_STDLIB_H 1
#define HAVE_STRING_H 1
#define HAVE_MEMORY_H 1
#define HAVE_STRINGS_H 1
#define HAVE_INTTYPES_H 1
#define HAVE_STDINT_H 1
#define HAVE_UNISTD_H 1
#define HAVE_DLFCN_H 1
#define LT_OBJDIR ".libs/"

configure: exit 0
